<?xml version="1.0" encoding="UTF-8"?>
<testsuite name="SILab2Test" tests="2" skipped="0" failures="0" errors="0" timestamp="2023-05-31T13:41:38" hostname="DESKTOP-GDDB5J5" time="0.031">
  <properties/>
  <testcase name="testFunction_MultipleCondition()" classname="SILab2Test" time="0.028"/>
  <testcase name="testFunction_EveryBranch()" classname="SILab2Test" time="0.002"/>
  <system-out><![CDATA[]]></system-out>
  <system-err><![CDATA[]]></system-err>
</testsuite>
